2020-10-13T18:28:33.529Z [warn] WARNING: {{inline-svg}} was not converted as it has positional parameters which can't be automatically converted. Source: app/templates/shared/brand.hbs
2020-10-13T18:28:36.407Z [warn] WARNING: {{side-menu-link-to}} was not converted as it has positional parameters which can't be automatically converted. Source: app/templates/application.hbs
2020-10-13T18:28:36.409Z [warn] WARNING: {{side-menu-link-to}} was not converted as it has positional parameters which can't be automatically converted. Source: app/templates/application.hbs
2020-10-13T18:28:36.409Z [warn] WARNING: {{inline-svg}} was not converted as it has positional parameters which can't be automatically converted. Source: app/templates/application.hbs
2020-10-13T18:28:36.409Z [warn] WARNING: {{side-menu-link-to}} was not converted as it has positional parameters which can't be automatically converted. Source: app/templates/application.hbs
2020-10-13T18:28:36.409Z [warn] WARNING: {{inline-svg}} was not converted as it has positional parameters which can't be automatically converted. Source: app/templates/application.hbs
2020-10-13T18:28:36.409Z [warn] WARNING: {{inline-svg}} was not converted as it has positional parameters which can't be automatically converted. Source: app/templates/application.hbs
2020-10-13T18:28:36.409Z [warn] WARNING: {{inline-svg}} was not converted as it has positional parameters which can't be automatically converted. Source: app/templates/application.hbs
2020-10-13T18:28:36.433Z [warn] WARNING: {{inline-svg}} was not converted as it has positional parameters which can't be automatically converted. Source: app/templates/event.hbs
2020-10-13T18:28:36.434Z [warn] WARNING: {{inline-svg}} was not converted as it has positional parameters which can't be automatically converted. Source: app/templates/event.hbs
2020-10-13T18:28:36.436Z [warn] WARNING: {{inline-svg}} was not converted as it has positional parameters which can't be automatically converted. Source: app/templates/event.hbs
2020-10-13T18:28:36.436Z [warn] WARNING: {{inline-svg}} was not converted as it has positional parameters which can't be automatically converted. Source: app/templates/event.hbs
2020-10-13T18:28:36.436Z [warn] WARNING: {{nav-link-to}} was not converted as it has positional parameters which can't be automatically converted. Source: app/templates/event.hbs
2020-10-13T18:28:36.436Z [warn] WARNING: {{nav-link-to}} was not converted as it has positional parameters which can't be automatically converted. Source: app/templates/event.hbs
2020-10-13T18:28:36.477Z [warn] WARNING: {{inline-svg}} was not converted as it has positional parameters which can't be automatically converted. Source: app/templates/index.hbs
2020-10-13T18:28:36.477Z [warn] WARNING: {{nav-link-to}} was not converted as it has positional parameters which can't be automatically converted. Source: app/templates/index.hbs
2020-10-13T18:28:36.478Z [warn] WARNING: {{inline-svg}} was not converted as it has positional parameters which can't be automatically converted. Source: app/templates/index.hbs
2020-10-13T18:28:36.480Z [warn] WARNING: {{inline-svg}} was not converted as it has positional parameters which can't be automatically converted. Source: app/templates/index.hbs
2020-10-13T18:28:36.480Z [warn] WARNING: {{inline-svg}} was not converted as it has positional parameters which can't be automatically converted. Source: app/templates/index.hbs
2020-10-13T18:28:36.480Z [warn] WARNING: {{inline-svg}} was not converted as it has positional parameters which can't be automatically converted. Source: app/templates/index.hbs
2020-10-13T18:28:36.480Z [warn] WARNING: {{inline-svg}} was not converted as it has positional parameters which can't be automatically converted. Source: app/templates/index.hbs
2020-10-13T18:28:36.492Z [warn] WARNING: {{inline-svg}} was not converted as it has positional parameters which can't be automatically converted. Source: app/templates/components/add-transaction-button.hbs
2020-10-13T18:28:36.495Z [warn] WARNING: {{inline-svg}} was not converted as it has positional parameters which can't be automatically converted. Source: app/templates/components/back-button.hbs
2020-10-13T18:28:36.560Z [warn] WARNING: {{is-included}} was not converted as it has positional parameters which can't be automatically converted. Source: app/templates/components/my-checkbox-list.hbs
2020-10-13T18:28:36.560Z [warn] WARNING: {{read-path}} was not converted as it has positional parameters which can't be automatically converted. Source: app/templates/components/my-checkbox-list.hbs
2020-10-13T18:28:36.569Z [warn] WARNING: {{is-not}} was not converted as it has positional parameters which can't be automatically converted. Source: app/templates/components/my-select.hbs
2020-10-13T18:28:36.570Z [warn] WARNING: {{read-path}} was not converted as it has positional parameters which can't be automatically converted. Source: app/templates/components/my-select.hbs
2020-10-13T18:28:36.570Z [warn] WARNING: {{read-path}} was not converted as it has positional parameters which can't be automatically converted. Source: app/templates/components/my-select.hbs
2020-10-13T18:28:36.590Z [warn] WARNING: {{inline-svg}} was not converted as it has positional parameters which can't be automatically converted. Source: app/templates/components/previous-events.hbs
2020-10-13T18:28:36.655Z [warn] WARNING: {{inline-svg}} was not converted as it has positional parameters which can't be automatically converted. Source: app/templates/components/side-menu-toggle-custom.hbs
2020-10-13T18:28:36.672Z [warn] WARNING: {{inline-svg}} was not converted as it has positional parameters which can't be automatically converted. Source: app/templates/components/switch-event-dropdown.hbs
2020-10-13T18:28:36.673Z [warn] WARNING: {{inline-svg}} was not converted as it has positional parameters which can't be automatically converted. Source: app/templates/components/switch-event-dropdown.hbs
2020-10-13T18:28:36.692Z [warn] WARNING: {{inline-svg}} was not converted as it has positional parameters which can't be automatically converted. Source: app/templates/components/switch-user-dropdown.hbs
2020-10-13T18:28:36.761Z [warn] WARNING: {{pluralize}} was not converted as it has positional parameters which can't be automatically converted. Source: app/templates/components/transaction-list-header.hbs
2020-10-13T18:28:36.767Z [warn] WARNING: {{inline-svg}} was not converted as it has positional parameters which can't be automatically converted. Source: app/templates/components/transaction-list-item.hbs
2020-10-13T18:28:36.780Z [warn] WARNING: {{inline-svg}} was not converted as it has positional parameters which can't be automatically converted. Source: app/templates/components/transaction-list.hbs
2020-10-13T18:28:36.780Z [warn] WARNING: {{print-month-year}} was not converted as it has positional parameters which can't be automatically converted. Source: app/templates/components/transaction-list.hbs
